This file contains any messages produced by compilers while
running configure, to aid debugging if configure makes a mistake.

It was created by GNU nano configure 2.2.0, which was
generated by GNU Autoconf 2.63.  Invocation command line was

  $ ./configure --build=x86_64-redhat-linux-gnu --host=x86_64-redhat-linux-gnu --program-prefix= --disable-dependency-tracking --prefix=/usr --exec-prefix=/usr --bindir=/usr/bin --sbindir=/usr/sbin --sysconfdir=/etc --datadir=/usr/share --includedir=/usr/include --libdir=/usr/lib64 --libexecdir=/usr/libexec --localstatedir=/var --sharedstatedir=/var/lib --mandir=/usr/share/man --infodir=/usr/share/info --enable-all

## --------- ##
## Platform. ##
## --------- ##

hostname = localhost.localdomain
uname -m = x86_64
uname -r = 3.14.8-200.fc20.x86_64
uname -s = Linux
uname -v = #1 SMP Mon Jun 16 21:57:53 UTC 2014

/usr/bin/uname -p = x86_64
/bin/uname -X     = unknown

/bin/arch              = x86_64
/usr/bin/arch -k       = unknown
/usr/convex/getsysinfo = unknown
/usr/bin/hostinfo      = unknown
/bin/machine           = unknown
/usr/bin/oslevel       = unknown
/bin/universe          = unknown

PATH: /usr/lib64/qt-3.3/bin
PATH: /usr/local/bin
PATH: /usr/bin
PATH: /bin
PATH: /usr/local/sbin
PATH: /usr/sbin
PATH: /home/ossl/.local/bin
PATH: /home/ossl/bin


## ----------- ##
## Core tests. ##
## ----------- ##

configure:1962: checking build system type
configure:1980: result: x86_64-redhat-linux-gnu
configure:2002: checking host system type
configure:2017: result: x86_64-redhat-linux-gnu
configure:2039: checking target system type
configure:2054: result: x86_64-redhat-linux-gnu
configure:2097: checking for a BSD-compatible install
configure:2165: result: /usr/bin/install -c
configure:2176: checking whether build environment is sane
configure:2219: result: yes
configure:2281: checking for gawk
configure:2297: found /usr/bin/gawk
configure:2308: result: gawk
configure:2319: checking whether make sets $(MAKE)
configure:2341: result: yes
configure:2539: checking for style of include used by make
configure:2567: result: GNU
configure:2600: checking for x86_64-redhat-linux-gnu-gcc
configure:2630: result: no
configure:2640: checking for gcc
configure:2656: found /usr/bin/gcc
configure:2667: result: gcc
configure:2899: checking for C compiler version
configure:2907: gcc --version >&5
gcc (GCC) 4.8.3 20140624 (Red Hat 4.8.3-1)
Copyright (C) 2013 Free Software Foundation, Inc.
This is free software; see the source for copying conditions.  There is NO
warranty; not even for MERCHANTABILITY or FITNESS FOR A PARTICULAR PURPOSE.

configure:2911: $? = 0
configure:2918: gcc -v >&5
Using built-in specs.
COLLECT_GCC=gcc
COLLECT_LTO_WRAPPER=/usr/libexec/gcc/x86_64-redhat-linux/4.8.3/lto-wrapper
Target: x86_64-redhat-linux
Configured with: ../configure --prefix=/usr --mandir=/usr/share/man --infodir=/usr/share/info --with-bugurl=http://bugzilla.redhat.com/bugzilla --enable-bootstrap --enable-shared --enable-threads=posix --enable-checking=release --with-system-zlib --enable-__cxa_atexit --disable-libunwind-exceptions --enable-gnu-unique-object --enable-linker-build-id --with-linker-hash-style=gnu --enable-languages=c,c++,objc,obj-c++,java,fortran,ada,go,lto --enable-plugin --enable-initfini-array --enable-java-awt=gtk --disable-dssi --with-java-home=/usr/lib/jvm/java-1.5.0-gcj-1.5.0.0/jre --enable-libgcj-multifile --enable-java-maintainer-mode --with-ecj-jar=/usr/share/java/eclipse-ecj.jar --disable-libjava-multilib --with-isl=/builddir/build/BUILD/gcc-4.8.3-20140624/obj-x86_64-redhat-linux/isl-install --with-cloog=/builddir/build/BUILD/gcc-4.8.3-20140624/obj-x86_64-redhat-linux/cloog-install --with-tune=generic --with-arch_32=i686 --build=x86_64-redhat-linux
Thread model: posix
gcc version 4.8.3 20140624 (Red Hat 4.8.3-1) (GCC) 
configure:2922: $? = 0
configure:2929: gcc -V >&5
gcc: error: unrecognized command line option '-V'
gcc: fatal error: no input files
compilation terminated.
configure:2933: $? = 4
configure:2956: checking for C compiler default output file name
configure:2978: gcc -O2 -g -pipe -Wall -Wp,-D_FORTIFY_SOURCE=2 -fexceptions -fstack-protector-strong --param=ssp-buffer-size=4 -grecord-gcc-switches  -m64 -mtune=generic  -Wl,-z,relro  conftest.c  >&5
configure:2982: $? = 0
configure:3020: result: a.out
configure:3039: checking whether the C compiler works
configure:3049: ./a.out
configure:3053: $? = 0
configure:3072: result: yes
configure:3079: checking whether we are cross compiling
configure:3081: result: no
configure:3084: checking for suffix of executables
configure:3091: gcc -o conftest -O2 -g -pipe -Wall -Wp,-D_FORTIFY_SOURCE=2 -fexceptions -fstack-protector-strong --param=ssp-buffer-size=4 -grecord-gcc-switches  -m64 -mtune=generic  -Wl,-z,relro  conftest.c  >&5
configure:3095: $? = 0
configure:3121: result: 
configure:3127: checking for suffix of object files
configure:3153: gcc -c -O2 -g -pipe -Wall -Wp,-D_FORTIFY_SOURCE=2 -fexceptions -fstack-protector-strong --param=ssp-buffer-size=4 -grecord-gcc-switches  -m64 -mtune=generic  conftest.c >&5
configure:3157: $? = 0
configure:3182: result: o
configure:3186: checking whether we are using the GNU C compiler
configure:3215: gcc -c -O2 -g -pipe -Wall -Wp,-D_FORTIFY_SOURCE=2 -fexceptions -fstack-protector-strong --param=ssp-buffer-size=4 -grecord-gcc-switches  -m64 -mtune=generic  conftest.c >&5
configure:3222: $? = 0
configure:3239: result: yes
configure:3248: checking whether gcc accepts -g
configure:3278: gcc -c -g  conftest.c >&5
configure:3285: $? = 0
configure:3386: result: yes
configure:3403: checking for gcc option to accept ISO C89
configure:3477: gcc  -c -O2 -g -pipe -Wall -Wp,-D_FORTIFY_SOURCE=2 -fexceptions -fstack-protector-strong --param=ssp-buffer-size=4 -grecord-gcc-switches  -m64 -mtune=generic  conftest.c >&5
configure:3484: $? = 0
configure:3507: result: none needed
configure:3527: checking dependency style of gcc
configure:3617: result: none
configure:3640: checking how to run the C preprocessor
configure:3680: gcc -E  conftest.c
configure:3687: $? = 0
configure:3718: gcc -E  conftest.c
conftest.c:10:28: fatal error: ac_nonexistent.h: No such file or directory
 #include <ac_nonexistent.h>
                            ^
compilation terminated.
configure:3725: $? = 1
configure: failed program was:
| /* confdefs.h.  */
| #define PACKAGE_NAME "GNU nano"
| #define PACKAGE_TARNAME "nano"
| #define PACKAGE_VERSION "2.2.0"
| #define PACKAGE_STRING "GNU nano 2.2.0"
| #define PACKAGE_BUGREPORT "nano-devel@gnu.org"
| #define PACKAGE "nano"
| #define VERSION "2.2.0"
| /* end confdefs.h.  */
| #include <ac_nonexistent.h>
configure:3758: result: gcc -E
configure:3787: gcc -E  conftest.c
configure:3794: $? = 0
configure:3825: gcc -E  conftest.c
conftest.c:10:28: fatal error: ac_nonexistent.h: No such file or directory
 #include <ac_nonexistent.h>
                            ^
compilation terminated.
configure:3832: $? = 1
configure: failed program was:
| /* confdefs.h.  */
| #define PACKAGE_NAME "GNU nano"
| #define PACKAGE_TARNAME "nano"
| #define PACKAGE_VERSION "2.2.0"
| #define PACKAGE_STRING "GNU nano 2.2.0"
| #define PACKAGE_BUGREPORT "nano-devel@gnu.org"
| #define PACKAGE "nano"
| #define VERSION "2.2.0"
| /* end confdefs.h.  */
| #include <ac_nonexistent.h>
configure:3872: checking for grep that handles long lines and -e
configure:3932: result: /usr/bin/grep
configure:3937: checking for egrep
configure:4001: result: /usr/bin/grep -E
configure:4006: checking for ANSI C header files
configure:4036: gcc -c -O2 -g -pipe -Wall -Wp,-D_FORTIFY_SOURCE=2 -fexceptions -fstack-protector-strong --param=ssp-buffer-size=4 -grecord-gcc-switches  -m64 -mtune=generic  conftest.c >&5
configure:4043: $? = 0
configure:4142: gcc -o conftest -O2 -g -pipe -Wall -Wp,-D_FORTIFY_SOURCE=2 -fexceptions -fstack-protector-strong --param=ssp-buffer-size=4 -grecord-gcc-switches  -m64 -mtune=generic  -Wl,-z,relro  conftest.c  >&5
configure:4146: $? = 0
configure:4152: ./conftest
configure:4156: $? = 0
configure:4174: result: yes
configure:4198: checking for sys/types.h
configure:4219: gcc -c -O2 -g -pipe -Wall -Wp,-D_FORTIFY_SOURCE=2 -fexceptions -fstack-protector-strong --param=ssp-buffer-size=4 -grecord-gcc-switches  -m64 -mtune=generic  conftest.c >&5
configure:4226: $? = 0
configure:4243: result: yes
configure:4198: checking for sys/stat.h
configure:4219: gcc -c -O2 -g -pipe -Wall -Wp,-D_FORTIFY_SOURCE=2 -fexceptions -fstack-protector-strong --param=ssp-buffer-size=4 -grecord-gcc-switches  -m64 -mtune=generic  conftest.c >&5
configure:4226: $? = 0
configure:4243: result: yes
configure:4198: checking for stdlib.h
configure:4219: gcc -c -O2 -g -pipe -Wall -Wp,-D_FORTIFY_SOURCE=2 -fexceptions -fstack-protector-strong --param=ssp-buffer-size=4 -grecord-gcc-switches  -m64 -mtune=generic  conftest.c >&5
configure:4226: $? = 0
configure:4243: result: yes
configure:4198: checking for string.h
configure:4219: gcc -c -O2 -g -pipe -Wall -Wp,-D_FORTIFY_SOURCE=2 -fexceptions -fstack-protector-strong --param=ssp-buffer-size=4 -grecord-gcc-switches  -m64 -mtune=generic  conftest.c >&5
configure:4226: $? = 0
configure:4243: result: yes
configure:4198: checking for memory.h
configure:4219: gcc -c -O2 -g -pipe -Wall -Wp,-D_FORTIFY_SOURCE=2 -fexceptions -fstack-protector-strong --param=ssp-buffer-size=4 -grecord-gcc-switches  -m64 -mtune=generic  conftest.c >&5
configure:4226: $? = 0
configure:4243: result: yes
configure:4198: checking for strings.h
configure:4219: gcc -c -O2 -g -pipe -Wall -Wp,-D_FORTIFY_SOURCE=2 -fexceptions -fstack-protector-strong --param=ssp-buffer-size=4 -grecord-gcc-switches  -m64 -mtune=generic  conftest.c >&5
configure:4226: $? = 0
configure:4243: result: yes
configure:4198: checking for inttypes.h
configure:4219: gcc -c -O2 -g -pipe -Wall -Wp,-D_FORTIFY_SOURCE=2 -fexceptions -fstack-protector-strong --param=ssp-buffer-size=4 -grecord-gcc-switches  -m64 -mtune=generic  conftest.c >&5
configure:4226: $? = 0
configure:4243: result: yes
configure:4198: checking for stdint.h
configure:4219: gcc -c -O2 -g -pipe -Wall -Wp,-D_FORTIFY_SOURCE=2 -fexceptions -fstack-protector-strong --param=ssp-buffer-size=4 -grecord-gcc-switches  -m64 -mtune=generic  conftest.c >&5
configure:4226: $? = 0
configure:4243: result: yes
configure:4198: checking for unistd.h
configure:4219: gcc -c -O2 -g -pipe -Wall -Wp,-D_FORTIFY_SOURCE=2 -fexceptions -fstack-protector-strong --param=ssp-buffer-size=4 -grecord-gcc-switches  -m64 -mtune=generic  conftest.c >&5
configure:4226: $? = 0
configure:4243: result: yes
configure:4268: checking minix/config.h usability
configure:4285: gcc -c -O2 -g -pipe -Wall -Wp,-D_FORTIFY_SOURCE=2 -fexceptions -fstack-protector-strong --param=ssp-buffer-size=4 -grecord-gcc-switches  -m64 -mtune=generic  conftest.c >&5
conftest.c:53:26: fatal error: minix/config.h: No such file or directory
 #include <minix/config.h>
                          ^
compilation terminated.
configure:4292: $? = 1
configure: failed program was:
| /* confdefs.h.  */
| #define PACKAGE_NAME "GNU nano"
| #define PACKAGE_TARNAME "nano"
| #define PACKAGE_VERSION "2.2.0"
| #define PACKAGE_STRING "GNU nano 2.2.0"
| #define PACKAGE_BUGREPORT "nano-devel@gnu.org"
| #define PACKAGE "nano"
| #define VERSION "2.2.0"
| #define STDC_HEADERS 1
| #define HAVE_SYS_TYPES_H 1
| #define HAVE_SYS_STAT_H 1
| #define HAVE_STDLIB_H 1
| #define HAVE_STRING_H 1
| #define HAVE_MEMORY_H 1
| #define HAVE_STRINGS_H 1
| #define HAVE_INTTYPES_H 1
| #define HAVE_STDINT_H 1
| #define HAVE_UNISTD_H 1
| /* end confdefs.h.  */
| #include <stdio.h>
| #ifdef HAVE_SYS_TYPES_H
| # include <sys/types.h>
| #endif
| #ifdef HAVE_SYS_STAT_H
| # include <sys/stat.h>
| #endif
| #ifdef STDC_HEADERS
| # include <stdlib.h>
| # include <stddef.h>
| #else
| # ifdef HAVE_STDLIB_H
| #  include <stdlib.h>
| # endif
| #endif
| #ifdef HAVE_STRING_H
| # if !defined STDC_HEADERS && defined HAVE_MEMORY_H
| #  include <memory.h>
| # endif
| # include <string.h>
| #endif
| #ifdef HAVE_STRINGS_H
| # include <strings.h>
| #endif
| #ifdef HAVE_INTTYPES_H
| # include <inttypes.h>
| #endif
| #ifdef HAVE_STDINT_H
| # include <stdint.h>
| #endif
| #ifdef HAVE_UNISTD_H
| # include <unistd.h>
| #endif
| #include <minix/config.h>
configure:4306: result: no
configure:4310: checking minix/config.h presence
configure:4325: gcc -E  conftest.c
conftest.c:20:26: fatal error: minix/config.h: No such file or directory
 #include <minix/config.h>
                          ^
compilation terminated.
configure:4332: $? = 1
configure: failed program was:
| /* confdefs.h.  */
| #define PACKAGE_NAME "GNU nano"
| #define PACKAGE_TARNAME "nano"
| #define PACKAGE_VERSION "2.2.0"
| #define PACKAGE_STRING "GNU nano 2.2.0"
| #define PACKAGE_BUGREPORT "nano-devel@gnu.org"
| #define PACKAGE "nano"
| #define VERSION "2.2.0"
| #define STDC_HEADERS 1
| #define HAVE_SYS_TYPES_H 1
| #define HAVE_SYS_STAT_H 1
| #define HAVE_STDLIB_H 1
| #define HAVE_STRING_H 1
| #define HAVE_MEMORY_H 1
| #define HAVE_STRINGS_H 1
| #define HAVE_INTTYPES_H 1
| #define HAVE_STDINT_H 1
| #define HAVE_UNISTD_H 1
| /* end confdefs.h.  */
| #include <minix/config.h>
configure:4346: result: no
configure:4379: checking for minix/config.h
configure:4386: result: no
configure:4417: checking whether it is safe to define __EXTENSIONS__
configure:4445: gcc -c -O2 -g -pipe -Wall -Wp,-D_FORTIFY_SOURCE=2 -fexceptions -fstack-protector-strong --param=ssp-buffer-size=4 -grecord-gcc-switches  -m64 -mtune=generic  conftest.c >&5
configure:4452: $? = 0
configure:4467: result: yes
configure:4499: checking for x86_64-redhat-linux-gnu-gcc
configure:4526: result: gcc
configure:4798: checking for C compiler version
configure:4806: gcc --version >&5
gcc (GCC) 4.8.3 20140624 (Red Hat 4.8.3-1)
Copyright (C) 2013 Free Software Foundation, Inc.
This is free software; see the source for copying conditions.  There is NO
warranty; not even for MERCHANTABILITY or FITNESS FOR A PARTICULAR PURPOSE.

configure:4810: $? = 0
configure:4817: gcc -v >&5
Using built-in specs.
COLLECT_GCC=gcc
COLLECT_LTO_WRAPPER=/usr/libexec/gcc/x86_64-redhat-linux/4.8.3/lto-wrapper
Target: x86_64-redhat-linux
Configured with: ../configure --prefix=/usr --mandir=/usr/share/man --infodir=/usr/share/info --with-bugurl=http://bugzilla.redhat.com/bugzilla --enable-bootstrap --enable-shared --enable-threads=posix --enable-checking=release --with-system-zlib --enable-__cxa_atexit --disable-libunwind-exceptions --enable-gnu-unique-object --enable-linker-build-id --with-linker-hash-style=gnu --enable-languages=c,c++,objc,obj-c++,java,fortran,ada,go,lto --enable-plugin --enable-initfini-array --enable-java-awt=gtk --disable-dssi --with-java-home=/usr/lib/jvm/java-1.5.0-gcj-1.5.0.0/jre --enable-libgcj-multifile --enable-java-maintainer-mode --with-ecj-jar=/usr/share/java/eclipse-ecj.jar --disable-libjava-multilib --with-isl=/builddir/build/BUILD/gcc-4.8.3-20140624/obj-x86_64-redhat-linux/isl-install --with-cloog=/builddir/build/BUILD/gcc-4.8.3-20140624/obj-x86_64-redhat-linux/cloog-install --with-tune=generic --with-arch_32=i686 --build=x86_64-redhat-linux
Thread model: posix
gcc version 4.8.3 20140624 (Red Hat 4.8.3-1) (GCC) 
configure:4821: $? = 0
configure:4828: gcc -V >&5
gcc: error: unrecognized command line option '-V'
gcc: fatal error: no input files
compilation terminated.
configure:4832: $? = 4
configure:4835: checking whether we are using the GNU C compiler
configure:4888: result: yes
configure:4897: checking whether gcc accepts -g
configure:5035: result: yes
configure:5052: checking for gcc option to accept ISO C89
configure:5156: result: none needed
configure:5176: checking dependency style of gcc
configure:5266: result: none
configure:5283: checking whether ln -s works
configure:5287: result: yes
configure:5295: checking for strerror in -lcposix
configure:5330: gcc -o conftest -O2 -g -pipe -Wall -Wp,-D_FORTIFY_SOURCE=2 -fexceptions -fstack-protector-strong --param=ssp-buffer-size=4 -grecord-gcc-switches  -m64 -mtune=generic  -Wl,-z,relro  conftest.c -lcposix   >&5
/usr/bin/ld: cannot find -lcposix
collect2: error: ld returned 1 exit status
configure:5337: $? = 1
configure: failed program was:
| /* confdefs.h.  */
| #define PACKAGE_NAME "GNU nano"
| #define PACKAGE_TARNAME "nano"
| #define PACKAGE_VERSION "2.2.0"
| #define PACKAGE_STRING "GNU nano 2.2.0"
| #define PACKAGE_BUGREPORT "nano-devel@gnu.org"
| #define PACKAGE "nano"
| #define VERSION "2.2.0"
| #define STDC_HEADERS 1
| #define HAVE_SYS_TYPES_H 1
| #define HAVE_SYS_STAT_H 1
| #define HAVE_STDLIB_H 1
| #define HAVE_STRING_H 1
| #define HAVE_MEMORY_H 1
| #define HAVE_STRINGS_H 1
| #define HAVE_INTTYPES_H 1
| #define HAVE_STDINT_H 1
| #define HAVE_UNISTD_H 1
| #define __EXTENSIONS__ 1
| #define _ALL_SOURCE 1
| #define _GNU_SOURCE 1
| #define _POSIX_PTHREAD_SEMANTICS 1
| #define _TANDEM_SOURCE 1
| /* end confdefs.h.  */
| 
| /* Override any GCC internal prototype to avoid an error.
|    Use char because int might match the return type of a GCC
|    builtin and then its argument prototype would still apply.  */
| #ifdef __cplusplus
| extern "C"
| #endif
| char strerror ();
| int
| main ()
| {
| return strerror ();
|   ;
|   return 0;
| }
configure:5358: result: no
configure:5373: checking for special C compiler options needed for large files
configure:5468: result: no
configure:5474: checking for _FILE_OFFSET_BITS value needed for large files
configure:5509: gcc -c -O2 -g -pipe -Wall -Wp,-D_FORTIFY_SOURCE=2 -fexceptions -fstack-protector-strong --param=ssp-buffer-size=4 -grecord-gcc-switches  -m64 -mtune=generic  conftest.c >&5
configure:5516: $? = 0
configure:5585: result: no
configure:5740: checking for msgfmt
configure:5768: result: /usr/bin/msgfmt
configure:5777: checking for gmsgfmt
configure:5808: result: /usr/bin/msgfmt
configure:5819: checking for xgettext
configure:5847: result: /usr/bin/xgettext
configure:5858: checking for msgmerge
configure:5885: result: /usr/bin/msgmerge
configure:5947: checking for ld used by GCC
configure:6010: result: /usr/bin/ld
configure:6019: checking if the linker (/usr/bin/ld) is GNU ld
GNU ld version 2.23.2
configure:6031: result: yes
configure:6037: checking for shared library run path origin
configure:6050: result: done
configure:6467: checking whether NLS is requested
configure:6476: result: yes
configure:6493: checking for GNU gettext in libc
configure:6522: gcc -o conftest -O2 -g -pipe -Wall -Wp,-D_FORTIFY_SOURCE=2 -fexceptions -fstack-protector-strong --param=ssp-buffer-size=4 -grecord-gcc-switches  -m64 -mtune=generic  -Wl,-z,relro  conftest.c  >&5
conftest.c: In function 'main':
conftest.c:32:8: warning: cast from pointer to integer of different size [-Wpointer-to-int-cast]
 return (int) gettext ("") + (int) ngettext ("", "", 0) + _nl_msg_cat_cntr + *_nl_domain_bindings
        ^
conftest.c:32:29: warning: cast from pointer to integer of different size [-Wpointer-to-int-cast]
 return (int) gettext ("") + (int) ngettext ("", "", 0) + _nl_msg_cat_cntr + *_nl_domain_bindings
                             ^
configure:6529: $? = 0
configure:6549: result: yes
configure:7343: checking for ANSI C header files
configure:7511: result: yes
configure:7544: checking getopt.h usability
configure:7561: gcc -c -O2 -g -pipe -Wall -Wp,-D_FORTIFY_SOURCE=2 -fexceptions -fstack-protector-strong --param=ssp-buffer-size=4 -grecord-gcc-switches  -m64 -mtune=generic  conftest.c >&5
configure:7568: $? = 0
configure:7582: result: yes
configure:7586: checking getopt.h presence
configure:7601: gcc -E  conftest.c
configure:7608: $? = 0
configure:7622: result: yes
configure:7655: checking for getopt.h
configure:7664: result: yes
configure:7544: checking libintl.h usability
configure:7561: gcc -c -O2 -g -pipe -Wall -Wp,-D_FORTIFY_SOURCE=2 -fexceptions -fstack-protector-strong --param=ssp-buffer-size=4 -grecord-gcc-switches  -m64 -mtune=generic  conftest.c >&5
configure:7568: $? = 0
configure:7582: result: yes
configure:7586: checking libintl.h presence
configure:7601: gcc -E  conftest.c
configure:7608: $? = 0
configure:7622: result: yes
configure:7655: checking for libintl.h
configure:7664: result: yes
configure:7544: checking limits.h usability
configure:7561: gcc -c -O2 -g -pipe -Wall -Wp,-D_FORTIFY_SOURCE=2 -fexceptions -fstack-protector-strong --param=ssp-buffer-size=4 -grecord-gcc-switches  -m64 -mtune=generic  conftest.c >&5
configure:7568: $? = 0
configure:7582: result: yes
configure:7586: checking limits.h presence
configure:7601: gcc -E  conftest.c
configure:7608: $? = 0
configure:7622: result: yes
configure:7655: checking for limits.h
configure:7664: result: yes
configure:7544: checking regex.h usability
configure:7561: gcc -c -O2 -g -pipe -Wall -Wp,-D_FORTIFY_SOURCE=2 -fexceptions -fstack-protector-strong --param=ssp-buffer-size=4 -grecord-gcc-switches  -m64 -mtune=generic  conftest.c >&5
configure:7568: $? = 0
configure:7582: result: yes
configure:7586: checking regex.h presence
configure:7601: gcc -E  conftest.c
configure:7608: $? = 0
configure:7622: result: yes
configure:7655: checking for regex.h
configure:7664: result: yes
configure:7544: checking sys/param.h usability
configure:7561: gcc -c -O2 -g -pipe -Wall -Wp,-D_FORTIFY_SOURCE=2 -fexceptions -fstack-protector-strong --param=ssp-buffer-size=4 -grecord-gcc-switches  -m64 -mtune=generic  conftest.c >&5
configure:7568: $? = 0
configure:7582: result: yes
configure:7586: checking sys/param.h presence
configure:7601: gcc -E  conftest.c
configure:7608: $? = 0
configure:7622: result: yes
configure:7655: checking for sys/param.h
configure:7664: result: yes
configure:7544: checking wchar.h usability
configure:7561: gcc -c -O2 -g -pipe -Wall -Wp,-D_FORTIFY_SOURCE=2 -fexceptions -fstack-protector-strong --param=ssp-buffer-size=4 -grecord-gcc-switches  -m64 -mtune=generic  conftest.c >&5
configure:7568: $? = 0
configure:7582: result: yes
configure:7586: checking wchar.h presence
configure:7601: gcc -E  conftest.c
configure:7608: $? = 0
configure:7622: result: yes
configure:7655: checking for wchar.h
configure:7664: result: yes
configure:7544: checking wctype.h usability
configure:7561: gcc -c -O2 -g -pipe -Wall -Wp,-D_FORTIFY_SOURCE=2 -fexceptions -fstack-protector-strong --param=ssp-buffer-size=4 -grecord-gcc-switches  -m64 -mtune=generic  conftest.c >&5
configure:7568: $? = 0
configure:7582: result: yes
configure:7586: checking wctype.h presence
configure:7601: gcc -E  conftest.c
configure:7608: $? = 0
configure:7622: result: yes
configure:7655: checking for wctype.h
configure:7664: result: yes
configure:7544: checking stdarg.h usability
configure:7561: gcc -c -O2 -g -pipe -Wall -Wp,-D_FORTIFY_SOURCE=2 -fexceptions -fstack-protector-strong --param=ssp-buffer-size=4 -grecord-gcc-switches  -m64 -mtune=generic  conftest.c >&5
configure:7568: $? = 0
configure:7582: result: yes
configure:7586: checking stdarg.h presence
configure:7601: gcc -E  conftest.c
configure:7608: $? = 0
configure:7622: result: yes
configure:7655: checking for stdarg.h
configure:7664: result: yes
configure:7989: checking whether to enable UTF-8 support
configure:8002: result: auto
configure:8005: checking whether to use slang
configure:8932: result: no
configure:9030: checking for getdelim
configure:9086: gcc -o conftest -O2 -g -pipe -Wall -Wp,-D_FORTIFY_SOURCE=2 -fexceptions -fstack-protector-strong --param=ssp-buffer-size=4 -grecord-gcc-switches  -m64 -mtune=generic  -Wl,-z,relro  conftest.c  >&5
configure:9093: $? = 0
configure:9115: result: yes
configure:9030: checking for getline
configure:9086: gcc -o conftest -O2 -g -pipe -Wall -Wp,-D_FORTIFY_SOURCE=2 -fexceptions -fstack-protector-strong --param=ssp-buffer-size=4 -grecord-gcc-switches  -m64 -mtune=generic  -Wl,-z,relro  conftest.c  >&5
configure:9093: $? = 0
configure:9115: result: yes
configure:9030: checking for isblank
configure:9086: gcc -o conftest -O2 -g -pipe -Wall -Wp,-D_FORTIFY_SOURCE=2 -fexceptions -fstack-protector-strong --param=ssp-buffer-size=4 -grecord-gcc-switches  -m64 -mtune=generic  -Wl,-z,relro  conftest.c  >&5
conftest.c:69:6: warning: conflicting types for built-in function 'isblank' [enabled by default]
 char isblank ();
      ^
configure:9093: $? = 0
configure:9115: result: yes
configure:9030: checking for strcasecmp
configure:9086: gcc -o conftest -O2 -g -pipe -Wall -Wp,-D_FORTIFY_SOURCE=2 -fexceptions -fstack-protector-strong --param=ssp-buffer-size=4 -grecord-gcc-switches  -m64 -mtune=generic  -Wl,-z,relro  conftest.c  >&5
conftest.c:70:6: warning: conflicting types for built-in function 'strcasecmp' [enabled by default]
 char strcasecmp ();
      ^
configure:9093: $? = 0
configure:9115: result: yes
configure:9030: checking for strcasestr
configure:9086: gcc -o conftest -O2 -g -pipe -Wall -Wp,-D_FORTIFY_SOURCE=2 -fexceptions -fstack-protector-strong --param=ssp-buffer-size=4 -grecord-gcc-switches  -m64 -mtune=generic  -Wl,-z,relro  conftest.c  >&5
configure:9093: $? = 0
configure:9115: result: yes
configure:9030: checking for strncasecmp
configure:9086: gcc -o conftest -O2 -g -pipe -Wall -Wp,-D_FORTIFY_SOURCE=2 -fexceptions -fstack-protector-strong --param=ssp-buffer-size=4 -grecord-gcc-switches  -m64 -mtune=generic  -Wl,-z,relro  conftest.c  >&5
conftest.c:72:6: warning: conflicting types for built-in function 'strncasecmp' [enabled by default]
 char strncasecmp ();
      ^
configure:9093: $? = 0
configure:9115: result: yes
configure:9030: checking for strnlen
configure:9086: gcc -o conftest -O2 -g -pipe -Wall -Wp,-D_FORTIFY_SOURCE=2 -fexceptions -fstack-protector-strong --param=ssp-buffer-size=4 -grecord-gcc-switches  -m64 -mtune=generic  -Wl,-z,relro  conftest.c  >&5
configure:9093: $? = 0
configure:9115: result: yes
configure:9030: checking for vsnprintf
configure:9086: gcc -o conftest -O2 -g -pipe -Wall -Wp,-D_FORTIFY_SOURCE=2 -fexceptions -fstack-protector-strong --param=ssp-buffer-size=4 -grecord-gcc-switches  -m64 -mtune=generic  -Wl,-z,relro  conftest.c  >&5
conftest.c:74:6: warning: conflicting types for built-in function 'vsnprintf' [enabled by default]
 char vsnprintf ();
      ^
configure:9093: $? = 0
configure:9115: result: yes
configure:9142: checking for iswalnum
configure:9198: gcc -o conftest -O2 -g -pipe -Wall -Wp,-D_FORTIFY_SOURCE=2 -fexceptions -fstack-protector-strong --param=ssp-buffer-size=4 -grecord-gcc-switches  -m64 -mtune=generic  -Wl,-z,relro  conftest.c  >&5
conftest.c:75:6: warning: conflicting types for built-in function 'iswalnum' [enabled by default]
 char iswalnum ();
      ^
configure:9205: $? = 0
configure:9227: result: yes
configure:9142: checking for iswblank
configure:9198: gcc -o conftest -O2 -g -pipe -Wall -Wp,-D_FORTIFY_SOURCE=2 -fexceptions -fstack-protector-strong --param=ssp-buffer-size=4 -grecord-gcc-switches  -m64 -mtune=generic  -Wl,-z,relro  conftest.c  >&5
conftest.c:76:6: warning: conflicting types for built-in function 'iswblank' [enabled by default]
 char iswblank ();
      ^
configure:9205: $? = 0
configure:9227: result: yes
configure:9142: checking for iswpunct
configure:9198: gcc -o conftest -O2 -g -pipe -Wall -Wp,-D_FORTIFY_SOURCE=2 -fexceptions -fstack-protector-strong --param=ssp-buffer-size=4 -grecord-gcc-switches  -m64 -mtune=generic  -Wl,-z,relro  conftest.c  >&5
conftest.c:77:6: warning: conflicting types for built-in function 'iswpunct' [enabled by default]
 char iswpunct ();
      ^
configure:9205: $? = 0
configure:9227: result: yes
configure:9142: checking for iswspace
configure:9198: gcc -o conftest -O2 -g -pipe -Wall -Wp,-D_FORTIFY_SOURCE=2 -fexceptions -fstack-protector-strong --param=ssp-buffer-size=4 -grecord-gcc-switches  -m64 -mtune=generic  -Wl,-z,relro  conftest.c  >&5
conftest.c:78:6: warning: conflicting types for built-in function 'iswspace' [enabled by default]
 char iswspace ();
      ^
configure:9205: $? = 0
configure:9227: result: yes
configure:9142: checking for nl_langinfo
configure:9198: gcc -o conftest -O2 -g -pipe -Wall -Wp,-D_FORTIFY_SOURCE=2 -fexceptions -fstack-protector-strong --param=ssp-buffer-size=4 -grecord-gcc-switches  -m64 -mtune=generic  -Wl,-z,relro  conftest.c  >&5
configure:9205: $? = 0
configure:9227: result: yes
configure:9142: checking for mblen
configure:9198: gcc -o conftest -O2 -g -pipe -Wall -Wp,-D_FORTIFY_SOURCE=2 -fexceptions -fstack-protector-strong --param=ssp-buffer-size=4 -grecord-gcc-switches  -m64 -mtune=generic  -Wl,-z,relro  conftest.c  >&5
configure:9205: $? = 0
configure:9227: result: yes
configure:9142: checking for mbstowcs
configure:9198: gcc -o conftest -O2 -g -pipe -Wall -Wp,-D_FORTIFY_SOURCE=2 -fexceptions -fstack-protector-strong --param=ssp-buffer-size=4 -grecord-gcc-switches  -m64 -mtune=generic  -Wl,-z,relro  conftest.c  >&5
configure:9205: $? = 0
configure:9227: result: yes
configure:9142: checking for mbtowc
configure:9198: gcc -o conftest -O2 -g -pipe -Wall -Wp,-D_FORTIFY_SOURCE=2 -fexceptions -fstack-protector-strong --param=ssp-buffer-size=4 -grecord-gcc-switches  -m64 -mtune=generic  -Wl,-z,relro  conftest.c  >&5
configure:9205: $? = 0
configure:9227: result: yes
configure:9142: checking for wctomb
configure:9198: gcc -o conftest -O2 -g -pipe -Wall -Wp,-D_FORTIFY_SOURCE=2 -fexceptions -fstack-protector-strong --param=ssp-buffer-size=4 -grecord-gcc-switches  -m64 -mtune=generic  -Wl,-z,relro  conftest.c  >&5
configure:9205: $? = 0
configure:9227: result: yes
configure:9142: checking for wcwidth
configure:9198: gcc -o conftest -O2 -g -pipe -Wall -Wp,-D_FORTIFY_SOURCE=2 -fexceptions -fstack-protector-strong --param=ssp-buffer-size=4 -grecord-gcc-switches  -m64 -mtune=generic  -Wl,-z,relro  conftest.c  >&5
configure:9205: $? = 0
configure:9227: result: yes
configure:9591: checking return type of signal handlers
configure:9619: gcc -c -O2 -g -pipe -Wall -Wp,-D_FORTIFY_SOURCE=2 -fexceptions -fstack-protector-strong --param=ssp-buffer-size=4 -grecord-gcc-switches  -m64 -mtune=generic  conftest.c >&5
conftest.c: In function 'main':
conftest.c:68:1: error: void value not ignored as it ought to be
 return *(signal (0, 0)) (0) == 1;
 ^
configure:9626: $? = 1
configure: failed program was:
| /* confdefs.h.  */
| #define PACKAGE_NAME "GNU nano"
| #define PACKAGE_TARNAME "nano"
| #define PACKAGE_VERSION "2.2.0"
| #define PACKAGE_STRING "GNU nano 2.2.0"
| #define PACKAGE_BUGREPORT "nano-devel@gnu.org"
| #define PACKAGE "nano"
| #define VERSION "2.2.0"
| #define STDC_HEADERS 1
| #define HAVE_SYS_TYPES_H 1
| #define HAVE_SYS_STAT_H 1
| #define HAVE_STDLIB_H 1
| #define HAVE_STRING_H 1
| #define HAVE_MEMORY_H 1
| #define HAVE_STRINGS_H 1
| #define HAVE_INTTYPES_H 1
| #define HAVE_STDINT_H 1
| #define HAVE_UNISTD_H 1
| #define __EXTENSIONS__ 1
| #define _ALL_SOURCE 1
| #define _GNU_SOURCE 1
| #define _POSIX_PTHREAD_SEMANTICS 1
| #define _TANDEM_SOURCE 1
| #define ENABLE_NLS 1
| #define HAVE_GETTEXT 1
| #define HAVE_DCGETTEXT 1
| #define PKGDATADIR "/usr/share/nano"
| #define STDC_HEADERS 1
| #define HAVE_GETOPT_H 1
| #define HAVE_LIBINTL_H 1
| #define HAVE_LIMITS_H 1
| #define HAVE_REGEX_H 1
| #define HAVE_SYS_PARAM_H 1
| #define HAVE_WCHAR_H 1
| #define HAVE_WCTYPE_H 1
| #define HAVE_STDARG_H 1
| #define NDEBUG 1
| #define NANO_EXTRA 1
| #define ENABLE_NANORC 1
| #define ENABLE_COLOR 1
| #define ENABLE_MULTIBUFFER 1
| #define ENABLE_NANORC 1
| #define HAVE_GETDELIM 1
| #define HAVE_GETLINE 1
| #define HAVE_ISBLANK 1
| #define HAVE_STRCASECMP 1
| #define HAVE_STRCASESTR 1
| #define HAVE_STRNCASECMP 1
| #define HAVE_STRNLEN 1
| #define HAVE_VSNPRINTF 1
| #define HAVE_ISWALNUM 1
| #define HAVE_ISWBLANK 1
| #define HAVE_ISWPUNCT 1
| #define HAVE_ISWSPACE 1
| #define HAVE_NL_LANGINFO 1
| #define HAVE_MBLEN 1
| #define HAVE_MBSTOWCS 1
| #define HAVE_MBTOWC 1
| #define HAVE_WCTOMB 1
| #define HAVE_WCWIDTH 1
| /* end confdefs.h.  */
| #include <sys/types.h>
| #include <signal.h>
| 
| int
| main ()
| {
| return *(signal (0, 0)) (0) == 1;
|   ;
|   return 0;
| }
configure:9641: result: void
configure:9653: checking for vprintf
configure:9709: gcc -o conftest -O2 -g -pipe -Wall -Wp,-D_FORTIFY_SOURCE=2 -fexceptions -fstack-protector-strong --param=ssp-buffer-size=4 -grecord-gcc-switches  -m64 -mtune=generic  -Wl,-z,relro  conftest.c  >&5
conftest.c:86:6: warning: conflicting types for built-in function 'vprintf' [enabled by default]
 char vprintf ();
      ^
configure:9716: $? = 0
configure:9738: result: yes
configure:9747: checking for _doprnt
configure:9803: gcc -o conftest -O2 -g -pipe -Wall -Wp,-D_FORTIFY_SOURCE=2 -fexceptions -fstack-protector-strong --param=ssp-buffer-size=4 -grecord-gcc-switches  -m64 -mtune=generic  -Wl,-z,relro  conftest.c  >&5
/tmp/cchCrNYn.o: In function `main':
/home/ossl/rpmbuild/BUILD/nano-2.2.0/conftest.c:98: undefined reference to `_doprnt'
collect2: error: ld returned 1 exit status
configure:9810: $? = 1
configure: failed program was:
| /* confdefs.h.  */
| #define PACKAGE_NAME "GNU nano"
| #define PACKAGE_TARNAME "nano"
| #define PACKAGE_VERSION "2.2.0"
| #define PACKAGE_STRING "GNU nano 2.2.0"
| #define PACKAGE_BUGREPORT "nano-devel@gnu.org"
| #define PACKAGE "nano"
| #define VERSION "2.2.0"
| #define STDC_HEADERS 1
| #define HAVE_SYS_TYPES_H 1
| #define HAVE_SYS_STAT_H 1
| #define HAVE_STDLIB_H 1
| #define HAVE_STRING_H 1
| #define HAVE_MEMORY_H 1
| #define HAVE_STRINGS_H 1
| #define HAVE_INTTYPES_H 1
| #define HAVE_STDINT_H 1
| #define HAVE_UNISTD_H 1
| #define __EXTENSIONS__ 1
| #define _ALL_SOURCE 1
| #define _GNU_SOURCE 1
| #define _POSIX_PTHREAD_SEMANTICS 1
| #define _TANDEM_SOURCE 1
| #define ENABLE_NLS 1
| #define HAVE_GETTEXT 1
| #define HAVE_DCGETTEXT 1
| #define PKGDATADIR "/usr/share/nano"
| #define STDC_HEADERS 1
| #define HAVE_GETOPT_H 1
| #define HAVE_LIBINTL_H 1
| #define HAVE_LIMITS_H 1
| #define HAVE_REGEX_H 1
| #define HAVE_SYS_PARAM_H 1
| #define HAVE_WCHAR_H 1
| #define HAVE_WCTYPE_H 1
| #define HAVE_STDARG_H 1
| #define NDEBUG 1
| #define NANO_EXTRA 1
| #define ENABLE_NANORC 1
| #define ENABLE_COLOR 1
| #define ENABLE_MULTIBUFFER 1
| #define ENABLE_NANORC 1
| #define HAVE_GETDELIM 1
| #define HAVE_GETLINE 1
| #define HAVE_ISBLANK 1
| #define HAVE_STRCASECMP 1
| #define HAVE_STRCASESTR 1
| #define HAVE_STRNCASECMP 1
| #define HAVE_STRNLEN 1
| #define HAVE_VSNPRINTF 1
| #define HAVE_ISWALNUM 1
| #define HAVE_ISWBLANK 1
| #define HAVE_ISWPUNCT 1
| #define HAVE_ISWSPACE 1
| #define HAVE_NL_LANGINFO 1
| #define HAVE_MBLEN 1
| #define HAVE_MBSTOWCS 1
| #define HAVE_MBTOWC 1
| #define HAVE_WCTOMB 1
| #define HAVE_WCWIDTH 1
| #define RETSIGTYPE void
| #define HAVE_VPRINTF 1
| /* end confdefs.h.  */
| /* Define _doprnt to an innocuous variant, in case <limits.h> declares _doprnt.
|    For example, HP-UX 11i <limits.h> declares gettimeofday.  */
| #define _doprnt innocuous__doprnt
| 
| /* System header to define __stub macros and hopefully few prototypes,
|     which can conflict with char _doprnt (); below.
|     Prefer <limits.h> to <assert.h> if __STDC__ is defined, since
|     <limits.h> exists even on freestanding compilers.  */
| 
| #ifdef __STDC__
| # include <limits.h>
| #else
| # include <assert.h>
| #endif
| 
| #undef _doprnt
| 
| /* Override any GCC internal prototype to avoid an error.
|    Use char because int might match the return type of a GCC
|    builtin and then its argument prototype would still apply.  */
| #ifdef __cplusplus
| extern "C"
| #endif
| char _doprnt ();
| /* The GNU C library defines this for functions which it implements
|     to always fail with ENOSYS.  Some functions are actually named
|     something starting with __ and the normal name is an alias.  */
| #if defined __stub__doprnt || defined __stub____doprnt
| choke me
| #endif
| 
| int
| main ()
| {
| return _doprnt ();
|   ;
|   return 0;
| }
configure:9830: result: no
configure:9848: checking for getopt_long
configure:9904: gcc -o conftest -O2 -g -pipe -Wall -Wp,-D_FORTIFY_SOURCE=2 -fexceptions -fstack-protector-strong --param=ssp-buffer-size=4 -grecord-gcc-switches  -m64 -mtune=generic  -Wl,-z,relro  conftest.c  >&5
configure:9911: $? = 0
configure:9933: result: yes
configure:9963: checking ncurses.h usability
configure:9980: gcc -c -O2 -g -pipe -Wall -Wp,-D_FORTIFY_SOURCE=2 -fexceptions -fstack-protector-strong --param=ssp-buffer-size=4 -grecord-gcc-switches  -m64 -mtune=generic  conftest.c >&5
configure:9987: $? = 0
configure:10001: result: yes
configure:10005: checking ncurses.h presence
configure:10020: gcc -E  conftest.c
configure:10027: $? = 0
configure:10041: result: yes
configure:10074: checking for ncurses.h
configure:10083: result: yes
configure:10100: checking for get_wch in -lncursesw
configure:10135: gcc -o conftest -O2 -g -pipe -Wall -Wp,-D_FORTIFY_SOURCE=2 -fexceptions -fstack-protector-strong --param=ssp-buffer-size=4 -grecord-gcc-switches  -m64 -mtune=generic  -Wl,-z,relro  conftest.c -lncursesw   >&5
configure:10142: $? = 0
configure:10163: result: yes
configure:10552: result: Using ncursesw as the curses library
configure:10557: checking for use_default_colors in -lncursesw
configure:10592: gcc -o conftest -O2 -g -pipe -Wall -Wp,-D_FORTIFY_SOURCE=2 -fexceptions -fstack-protector-strong --param=ssp-buffer-size=4 -grecord-gcc-switches  -m64 -mtune=generic -I/usr/include/ncursesw  -Wl,-z,relro  conftest.c -lncursesw   >&5
configure:10599: $? = 0
configure:10622: result: yes
configure:10696: checking for GNU-style word boundary regex support
configure:10733: gcc -o conftest -O2 -g -pipe -Wall -Wp,-D_FORTIFY_SOURCE=2 -fexceptions -fstack-protector-strong --param=ssp-buffer-size=4 -grecord-gcc-switches  -m64 -mtune=generic -I/usr/include/ncursesw  -Wl,-z,relro  conftest.c  -lncursesw >&5
conftest.c: In function 'main':
conftest.c:81:16: warning: 'nmatch' may be used uninitialized in this function [-Wmaybe-uninitialized]
     if (regexec(&r, "word boundary", nmatch, &pmatch, 0))
                ^
configure:10737: $? = 0
configure:10743: ./conftest
configure:10747: $? = 0
configure:10749: result: yes
configure:10771: checking whether _XOPEN_SOURCE_EXTENDED is needed
configure:10797: gcc -o conftest -O2 -g -pipe -Wall -Wp,-D_FORTIFY_SOURCE=2 -fexceptions -fstack-protector-strong --param=ssp-buffer-size=4 -grecord-gcc-switches  -m64 -mtune=generic -I/usr/include/ncursesw  -Wl,-z,relro  conftest.c  -lncursesw >&5
conftest.c: In function 'main':
conftest.c:73:9: warning: unused variable 'testcolor' [-Wunused-variable]
     int testcolor = COLOR_WHITE;
         ^
configure:10801: $? = 0
configure:10807: ./conftest
configure:10811: $? = 0
configure:10813: result: no
configure:10904: checking for HTML support in groff
configure:11082: creating ./config.status

## ---------------------- ##
## Running config.status. ##
## ---------------------- ##

This file was extended by GNU nano config.status 2.2.0, which was
generated by GNU Autoconf 2.63.  Invocation command line was

  CONFIG_FILES    = 
  CONFIG_HEADERS  = 
  CONFIG_LINKS    = 
  CONFIG_COMMANDS = 
  $ ./config.status 

on localhost.localdomain

config.status:875: creating Makefile
config.status:875: creating doc/Makefile
config.status:875: creating doc/nanorc.sample
config.status:875: creating doc/man/Makefile
config.status:875: creating doc/man/fr/Makefile
config.status:875: creating doc/syntax/Makefile
config.status:875: creating doc/texinfo/Makefile
config.status:875: creating m4/Makefile
config.status:875: creating po/Makefile.in
config.status:1022: WARNING:  'po/Makefile.in.in' seems to ignore the --datarootdir setting
config.status:875: creating src/Makefile
config.status:875: creating nano.spec
config.status:875: creating config.h
config.status:1142: executing depfiles commands
config.status:1142: executing default-1 commands

## ---------------- ##
## Cache variables. ##
## ---------------- ##

ac_cv_build=x86_64-redhat-linux-gnu
ac_cv_c_compiler_gnu=yes
ac_cv_env_CC_set=
ac_cv_env_CC_value=
ac_cv_env_CFLAGS_set=set
ac_cv_env_CFLAGS_value='-O2 -g -pipe -Wall -Wp,-D_FORTIFY_SOURCE=2 -fexceptions -fstack-protector-strong --param=ssp-buffer-size=4 -grecord-gcc-switches  -m64 -mtune=generic'
ac_cv_env_CPPFLAGS_set=
ac_cv_env_CPPFLAGS_value=
ac_cv_env_CPP_set=
ac_cv_env_CPP_value=
ac_cv_env_LDFLAGS_set=set
ac_cv_env_LDFLAGS_value='-Wl,-z,relro '
ac_cv_env_LIBS_set=
ac_cv_env_LIBS_value=
ac_cv_env_build_alias_set=set
ac_cv_env_build_alias_value=x86_64-redhat-linux-gnu
ac_cv_env_host_alias_set=set
ac_cv_env_host_alias_value=x86_64-redhat-linux-gnu
ac_cv_env_target_alias_set=
ac_cv_env_target_alias_value=
ac_cv_func__doprnt=no
ac_cv_func_getdelim=yes
ac_cv_func_getline=yes
ac_cv_func_getopt_long=yes
ac_cv_func_isblank=yes
ac_cv_func_iswalnum=yes
ac_cv_func_iswblank=yes
ac_cv_func_iswpunct=yes
ac_cv_func_iswspace=yes
ac_cv_func_mblen=yes
ac_cv_func_mbstowcs=yes
ac_cv_func_mbtowc=yes
ac_cv_func_nl_langinfo=yes
ac_cv_func_strcasecmp=yes
ac_cv_func_strcasestr=yes
ac_cv_func_strncasecmp=yes
ac_cv_func_strnlen=yes
ac_cv_func_vprintf=yes
ac_cv_func_vsnprintf=yes
ac_cv_func_wctomb=yes
ac_cv_func_wcwidth=yes
ac_cv_header_getopt_h=yes
ac_cv_header_inttypes_h=yes
ac_cv_header_libintl_h=yes
ac_cv_header_limits_h=yes
ac_cv_header_memory_h=yes
ac_cv_header_minix_config_h=no
ac_cv_header_ncurses_h=yes
ac_cv_header_regex_h=yes
ac_cv_header_stdarg_h=yes
ac_cv_header_stdc=yes
ac_cv_header_stdint_h=yes
ac_cv_header_stdlib_h=yes
ac_cv_header_string_h=yes
ac_cv_header_strings_h=yes
ac_cv_header_sys_param_h=yes
ac_cv_header_sys_stat_h=yes
ac_cv_header_sys_types_h=yes
ac_cv_header_unistd_h=yes
ac_cv_header_wchar_h=yes
ac_cv_header_wctype_h=yes
ac_cv_host=x86_64-redhat-linux-gnu
ac_cv_lib_cposix_strerror=no
ac_cv_lib_ncursesw___use_default_colors=yes
ac_cv_lib_ncursesw_get_wch=yes
ac_cv_objext=o
ac_cv_path_EGREP='/usr/bin/grep -E'
ac_cv_path_GMSGFMT=/usr/bin/msgfmt
ac_cv_path_GREP=/usr/bin/grep
ac_cv_path_MSGFMT=/usr/bin/msgfmt
ac_cv_path_MSGMERGE=/usr/bin/msgmerge
ac_cv_path_XGETTEXT=/usr/bin/xgettext
ac_cv_path_install='/usr/bin/install -c'
ac_cv_prog_AWK=gawk
ac_cv_prog_CC=gcc
ac_cv_prog_CPP='gcc -E'
ac_cv_prog_ac_ct_CC=gcc
ac_cv_prog_cc_c89=
ac_cv_prog_cc_g=yes
ac_cv_prog_make_make_set=yes
ac_cv_safe_to_define___extensions__=yes
ac_cv_sys_file_offset_bits=no
ac_cv_sys_largefile_CC=no
ac_cv_target=x86_64-redhat-linux-gnu
ac_cv_type_signal=void
acl_cv_hardcode_direct=no
acl_cv_hardcode_libdir_flag_spec='${wl}-rpath ${wl}$libdir'
acl_cv_hardcode_libdir_separator=
acl_cv_hardcode_minus_L=no
acl_cv_libext=a
acl_cv_path_LD=/usr/bin/ld
acl_cv_prog_gnu_ld=yes
acl_cv_rpath=done
acl_cv_shlibext=so
acl_cv_sys_lib_dlsearch_path_spec='/lib /usr/lib'
acl_cv_sys_lib_search_path_spec='/lib /usr/lib /usr/local/lib'
acl_cv_wl=-Wl,
am_cv_CC_dependencies_compiler_type=none
gt_cv_func_gnugettext2_libc=yes

## ----------------- ##
## Output variables. ##
## ----------------- ##

ACLOCAL='${SHELL} /home/ossl/rpmbuild/BUILD/nano-2.2.0/missing --run aclocal-1.9'
AMDEPBACKSLASH=''
AMDEP_FALSE=''
AMDEP_TRUE='#'
AMTAR='${SHELL} /home/ossl/rpmbuild/BUILD/nano-2.2.0/missing --run tar'
AUTOCONF='${SHELL} /home/ossl/rpmbuild/BUILD/nano-2.2.0/missing --run autoconf'
AUTOHEADER='${SHELL} /home/ossl/rpmbuild/BUILD/nano-2.2.0/missing --run autoheader'
AUTOMAKE='${SHELL} /home/ossl/rpmbuild/BUILD/nano-2.2.0/missing --run automake-1.9'
AWK='gawk'
CC='gcc'
CCDEPMODE='depmode=none'
CFLAGS='-O2 -g -pipe -Wall -Wp,-D_FORTIFY_SOURCE=2 -fexceptions -fstack-protector-strong --param=ssp-buffer-size=4 -grecord-gcc-switches  -m64 -mtune=generic'
CPP='gcc -E'
CPPFLAGS='-I/usr/include/ncursesw '
CURSES_LIB='-lncursesw'
CYGPATH_W='echo'
DEFS='-DHAVE_CONFIG_H'
DEPDIR='.deps'
ECHO_C=''
ECHO_N='-n'
ECHO_T=''
EGREP='/usr/bin/grep -E'
EXEEXT=''
GLIB_CFLAGS=''
GLIB_GENMARSHAL=''
GLIB_LIBS=''
GLIB_MKENUMS=''
GMSGFMT='/usr/bin/msgfmt'
GOBJECT_QUERY=''
GREP='/usr/bin/grep'
GROFF_HTML_FALSE='#'
GROFF_HTML_TRUE=''
INSTALL_DATA='${INSTALL} -m 644'
INSTALL_PROGRAM='${INSTALL}'
INSTALL_SCRIPT='${INSTALL}'
INSTALL_STRIP_PROGRAM='${SHELL} $(install_sh) -c -s'
INTLLIBS=''
LDFLAGS='-Wl,-z,relro '
LIBICONV='-liconv'
LIBINTL=''
LIBOBJS=''
LIBS=' -lncursesw'
LN_S='ln -s'
LTLIBICONV='-liconv'
LTLIBINTL=''
LTLIBOBJS=''
MAKEINFO='${SHELL} /home/ossl/rpmbuild/BUILD/nano-2.2.0/missing --run makeinfo'
MKINSTALLDIRS='./mkinstalldirs'
MSGFMT='/usr/bin/msgfmt'
MSGMERGE='/usr/bin/msgmerge'
OBJEXT='o'
PACKAGE='nano'
PACKAGE_BUGREPORT='nano-devel@gnu.org'
PACKAGE_NAME='GNU nano'
PACKAGE_STRING='GNU nano 2.2.0'
PACKAGE_TARNAME='nano'
PACKAGE_VERSION='2.2.0'
PATH_SEPARATOR=':'
PKGDATADIR='/usr/share/nano'
PKG_CONFIG=''
POSUB='po'
SET_MAKE=''
SHELL='/bin/sh'
STRIP=''
USE_COLOR_FALSE='#'
USE_COLOR_TRUE=''
USE_NANORC_FALSE='#'
USE_NANORC_TRUE=''
USE_NLS='yes'
USE_NLS_FALSE='#'
USE_NLS_TRUE=''
VERSION='2.2.0'
XGETTEXT='/usr/bin/xgettext'
ac_ct_CC='gcc'
am__fastdepCC_FALSE=''
am__fastdepCC_TRUE='#'
am__include='include'
am__leading_dot='.'
am__quote=''
am__tar='${AMTAR} chof - "$$tardir"'
am__untar='${AMTAR} xf -'
bindir='/usr/bin'
build='x86_64-redhat-linux-gnu'
build_alias='x86_64-redhat-linux-gnu'
build_cpu='x86_64'
build_os='linux-gnu'
build_vendor='redhat'
datadir='/usr/share'
datarootdir='${prefix}/share'
docdir='${datarootdir}/doc/${PACKAGE_TARNAME}'
dvidir='${docdir}'
exec_prefix='/usr'
host='x86_64-redhat-linux-gnu'
host_alias='x86_64-redhat-linux-gnu'
host_cpu='x86_64'
host_os='linux-gnu'
host_vendor='redhat'
htmldir='${docdir}'
includedir='/usr/include'
infodir='/usr/share/info'
install_sh='/home/ossl/rpmbuild/BUILD/nano-2.2.0/install-sh'
libdir='/usr/lib64'
libexecdir='/usr/libexec'
localedir='${datarootdir}/locale'
localstatedir='/var'
mandir='/usr/share/man'
mkdir_p='mkdir -p --'
oldincludedir='/usr/include'
pdfdir='${docdir}'
prefix='/usr'
program_transform_name='s&^&&'
psdir='${docdir}'
sbindir='/usr/sbin'
sharedstatedir='/var/lib'
sysconfdir='/etc'
target='x86_64-redhat-linux-gnu'
target_alias=''
target_cpu='x86_64'
target_os='linux-gnu'
target_vendor='redhat'

## ----------- ##
## confdefs.h. ##
## ----------- ##

#define PACKAGE_NAME "GNU nano"
#define PACKAGE_TARNAME "nano"
#define PACKAGE_VERSION "2.2.0"
#define PACKAGE_STRING "GNU nano 2.2.0"
#define PACKAGE_BUGREPORT "nano-devel@gnu.org"
#define PACKAGE "nano"
#define VERSION "2.2.0"
#define STDC_HEADERS 1
#define HAVE_SYS_TYPES_H 1
#define HAVE_SYS_STAT_H 1
#define HAVE_STDLIB_H 1
#define HAVE_STRING_H 1
#define HAVE_MEMORY_H 1
#define HAVE_STRINGS_H 1
#define HAVE_INTTYPES_H 1
#define HAVE_STDINT_H 1
#define HAVE_UNISTD_H 1
#define __EXTENSIONS__ 1
#define _ALL_SOURCE 1
#define _GNU_SOURCE 1
#define _POSIX_PTHREAD_SEMANTICS 1
#define _TANDEM_SOURCE 1
#define ENABLE_NLS 1
#define HAVE_GETTEXT 1
#define HAVE_DCGETTEXT 1
#define PKGDATADIR "/usr/share/nano"
#define STDC_HEADERS 1
#define HAVE_GETOPT_H 1
#define HAVE_LIBINTL_H 1
#define HAVE_LIMITS_H 1
#define HAVE_REGEX_H 1
#define HAVE_SYS_PARAM_H 1
#define HAVE_WCHAR_H 1
#define HAVE_WCTYPE_H 1
#define HAVE_STDARG_H 1
#define NDEBUG 1
#define NANO_EXTRA 1
#define ENABLE_NANORC 1
#define ENABLE_COLOR 1
#define ENABLE_MULTIBUFFER 1
#define ENABLE_NANORC 1
#define HAVE_GETDELIM 1
#define HAVE_GETLINE 1
#define HAVE_ISBLANK 1
#define HAVE_STRCASECMP 1
#define HAVE_STRCASESTR 1
#define HAVE_STRNCASECMP 1
#define HAVE_STRNLEN 1
#define HAVE_VSNPRINTF 1
#define HAVE_ISWALNUM 1
#define HAVE_ISWBLANK 1
#define HAVE_ISWPUNCT 1
#define HAVE_ISWSPACE 1
#define HAVE_NL_LANGINFO 1
#define HAVE_MBLEN 1
#define HAVE_MBSTOWCS 1
#define HAVE_MBTOWC 1
#define HAVE_WCTOMB 1
#define HAVE_WCWIDTH 1
#define RETSIGTYPE void
#define HAVE_VPRINTF 1
#define HAVE_GETOPT_LONG 1
#define HAVE_NCURSES_H 1
#define HAVE_USE_DEFAULT_COLORS 1
#define ENABLE_UTF8 1
#define GNU_WORDBOUNDS 1

configure: exit 0
